0 info it worked if it ends with ok
1 verbose cli [ '/usr/local/bin/node',
1 verbose cli   '/usr/local/bin/npm',
1 verbose cli   'install',
1 verbose cli   'flux-pricing' ]
2 info using npm@3.7.5
3 info using node@v4.3.1
4 silly loadCurrentTree Starting
5 silly install loadCurrentTree
6 silly install readLocalPackageData
7 silly fetchPackageMetaData flux-pricing
8 silly fetchNamedPackageData flux-pricing
9 silly mapToRegistry name flux-pricing
10 silly mapToRegistry using default registry
11 silly mapToRegistry registry http://npm.paypal.com/
12 silly mapToRegistry uri http://npm.paypal.com/flux-pricing
13 verbose request uri http://npm.paypal.com/flux-pricing
14 verbose request no auth needed
15 info attempt registry request try #1 at 7:47:02 PM
16 verbose request id f70ee98708946359
17 http request GET http://npm.paypal.com/flux-pricing
18 http 404 http://npm.paypal.com/flux-pricing
19 verbose headers { 'content-type': 'application/json; charset=utf-8',
19 verbose headers   'x-registry': 'https://registry.npmjs.org/',
19 verbose headers   'cache-control': 'max-age=0',
19 verbose headers   'accept-ranges': 'bytes',
19 verbose headers   via: '1.1 varnish',
19 verbose headers   age: '0',
19 verbose headers   connection: 'keep-alive',
19 verbose headers   'x-served-by': 'cache-lax1422-LAX',
19 verbose headers   'x-cache': 'MISS',
19 verbose headers   'x-cache-hits': '0',
19 verbose headers   'x-timer': 'S1457236023.611216,VS0,VE330',
19 verbose headers   'content-encoding': 'gzip',
19 verbose headers   vary: 'accept-encoding',
19 verbose headers   date: 'Sun, 06 Mar 2016 03:47:03 GMT',
19 verbose headers   'transfer-encoding': 'chunked' }
20 silly get cb [ 404,
20 silly get   { 'content-type': 'application/json; charset=utf-8',
20 silly get     'x-registry': 'https://registry.npmjs.org/',
20 silly get     'cache-control': 'max-age=0',
20 silly get     'accept-ranges': 'bytes',
20 silly get     via: '1.1 varnish',
20 silly get     age: '0',
20 silly get     connection: 'keep-alive',
20 silly get     'x-served-by': 'cache-lax1422-LAX',
20 silly get     'x-cache': 'MISS',
20 silly get     'x-cache-hits': '0',
20 silly get     'x-timer': 'S1457236023.611216,VS0,VE330',
20 silly get     'content-encoding': 'gzip',
20 silly get     vary: 'accept-encoding',
20 silly get     date: 'Sun, 06 Mar 2016 03:47:03 GMT',
20 silly get     'transfer-encoding': 'chunked' } ]
21 silly fetchPackageMetaData Error: Registry returned 404 for GET on http://npm.paypal.com/flux-pricing
21 silly fetchPackageMetaData     at makeError (/usr/local/lib/node_modules/npm/node_modules/npm-registry-client/lib/request.js:264:12)
21 silly fetchPackageMetaData     at CachingRegistryClient.<anonymous> (/usr/local/lib/node_modules/npm/node_modules/npm-registry-client/lib/request.js:242:14)
21 silly fetchPackageMetaData     at /usr/local/lib/node_modules/npm/node_modules/npm-registry-client/lib/request.js:178:7
21 silly fetchPackageMetaData     at Gunzip.onEnd (zlib.js:227:5)
21 silly fetchPackageMetaData     at emitNone (events.js:72:20)
21 silly fetchPackageMetaData     at Gunzip.emit (events.js:166:7)
21 silly fetchPackageMetaData     at endReadableNT (_stream_readable.js:905:12)
21 silly fetchPackageMetaData     at nextTickCallbackWith2Args (node.js:437:9)
21 silly fetchPackageMetaData     at process._tickCallback (node.js:351:17)
21 silly fetchPackageMetaData  error for flux-pricing { [Error: Registry returned 404 for GET on http://npm.paypal.com/flux-pricing] pkgid: 'flux-pricing', statusCode: 404, code: 'E404' }
22 silly rollbackFailedOptional Starting
23 silly rollbackFailedOptional Finishing
24 silly runTopLevelLifecycles Starting
25 silly runTopLevelLifecycles Finishing
26 silly install printInstalled
27 verbose stack Error: Registry returned 404 for GET on http://npm.paypal.com/flux-pricing
27 verbose stack     at makeError (/usr/local/lib/node_modules/npm/node_modules/npm-registry-client/lib/request.js:264:12)
27 verbose stack     at CachingRegistryClient.<anonymous> (/usr/local/lib/node_modules/npm/node_modules/npm-registry-client/lib/request.js:242:14)
27 verbose stack     at /usr/local/lib/node_modules/npm/node_modules/npm-registry-client/lib/request.js:178:7
27 verbose stack     at Gunzip.onEnd (zlib.js:227:5)
27 verbose stack     at emitNone (events.js:72:20)
27 verbose stack     at Gunzip.emit (events.js:166:7)
27 verbose stack     at endReadableNT (_stream_readable.js:905:12)
27 verbose stack     at nextTickCallbackWith2Args (node.js:437:9)
27 verbose stack     at process._tickCallback (node.js:351:17)
28 verbose statusCode 404
29 verbose pkgid flux-pricing
30 verbose cwd /Users/akatipelly/Desktop/react-flux-cart-master
31 error Darwin 15.3.0
32 error argv "/usr/local/bin/node" "/usr/local/bin/npm" "install" "flux-pricing"
33 error node v4.3.1
34 error npm  v3.7.5
35 error code E404
36 error 404 Registry returned 404 for GET on http://npm.paypal.com/flux-pricing
37 error 404
38 error 404 'flux-pricing' is not in the npm registry.
39 error 404 You should bug the author to publish it (or use the name yourself!)
40 error 404 Note that you can also install from a
41 error 404 tarball, folder, http url, or git url.
42 verbose exit [ 1, true ]
